<?xml version="1.0" encoding="utf-8"?><testsuites name="pytest tests"><testsuite name="pytest" errors="0" failures="0" skipped="0" tests="21" time="12.905" timestamp="2026-07-01T11:59:42.398175+00:00" hostname="agent-env-a13cd43d-181e-43e3-a7b9-0c053d68a493"><testcase classname="backend.tests.backend_test.TestHealth" name="test_root" time="0.178" /><testcase classname="backend.tests.backend_test.TestHealth" name="test_health" time="0.080" /><testcase classname="backend.tests.backend_test.TestChartData" name="test_chart_data[NIFTY-15m]" time="0.257" /><testcase classname="backend.tests.backend_test.TestChartData" name="test_chart_data[RELIANCE-15m]" time="0.267" /><testcase classname="backend.tests.backend_test.TestChartData" name="test_chart_data[EURUSD-1h]" time="0.395" /><testcase classname="backend.tests.backend_test.TestChartData" name="test_chart_data[BTCUSD-15m]" time="0.385" /><testcase classname="backend.tests.backend_test.TestChartData" name="test_chart_data[XAUUSD-15m]" time="0.346" /><testcase classname="backend.tests.backend_test.TestSMC" name="test_smc_analyze[RELIANCE-15m]" time="0.206" /><testcase classname="backend.tests.backend_test.TestSMC" name="test_smc_analyze[EURUSD-1h]" time="0.475" /><testcase classname="backend.tests.backend_test.TestSMC" name="test_smc_analyze[BTCUSD-15m]" time="0.267" /><testcase classname="backend.tests.backend_test.TestSMC" name="test_smc_analyze[XAUUSD-15m]" time="0.445" /><testcase classname="backend.tests.backend_test.TestSMC" name="test_smc_analyze[NIFTY-15m]" time="0.263" /><testcase classname="backend.tests.backend_test.TestAnalyzeProxies" name="test_analyze_stock" time="0.574" /><testcase classname="backend.tests.backend_test.TestAnalyzeProxies" name="test_analyze_forex" time="0.230" /><testcase classname="backend.tests.backend_test.TestAnalyzeProxies" name="test_analyze_forex_scalp" time="0.318" /><testcase classname="backend.tests.backend_test.TestAngelPrice" name="test_angel_price_reliance" time="0.082" /><testcase classname="backend.tests.backend_test.TestScanner" name="test_scanner" time="6.853" /><testcase classname="backend.tests.backend_test.TestSymbolNormalization" name="test_indian_stock_ns" time="0.298" /><testcase classname="backend.tests.backend_test.TestSymbolNormalization" name="test_index" time="0.178" /><testcase classname="backend.tests.backend_test.TestSymbolNormalization" name="test_crypto" time="0.556" /><testcase classname="backend.tests.backend_test.TestSymbolNormalization" name="test_bad_symbol_gives_json_error" time="0.149" /></testsuite></testsuites>